<?xml version="1.0" encoding="utf-8"?><testsuites name="pytest tests"><testsuite name="pytest" errors="0" failures="0" skipped="0" tests="6" time="0.295" timestamp="2026-09-05T02:52:03.692806+00:00" hostname="localhost"><testcase classname="validation.tests.test_investment_assurance" name="test_investment_certificate_requires_committee_review_and_n_minus_one_evidence" time="0.006" /><testcase classname="validation.tests.test_investment_assurance" name="test_investment_certificate_holds_if_critical_corridor_has_no_redundancy" time="0.002" /><testcase classname="validation.tests.test_network_expansion_reference" name="test_critical_corridor_forces_eligible_site_open_by_horizon" time="0.002" /><testcase classname="validation.tests.test_network_expansion_reference" name="test_budget_and_grid_limits_bound_buildout" time="0.002" /><testcase classname="validation.tests.test_network_expansion_reference" name="test_infeasible_if_critical_corridor_has_no_eligible_site" time="0.001" /><testcase classname="validation.tests.test_network_expansion_reference" name="test_n_minus_one_gate_requires_redundant_critical_coverage_and_capacity" time="0.002" /></testsuite></testsuites>